
#################################################
Actual date and time: 2022-11-28-22:13:55
#################################################
Hours: 463804 Minutes: 27828254
-------------------------------------------------
Actual Timestamp: 1669695235 in seconds
-------------------------------------------------
Latitude: 18.7054
-------------------------------------------------
Longitude: 123.2742
-------------------------------------------------
Message: success
#################################################
Actual date and time: 2022-11-28-22:14:3
#################################################
Hours: 463804 Minutes: 27828254
-------------------------------------------------
Actual Timestamp: 1669695244 in seconds
-------------------------------------------------
Latitude: 19.1452
-------------------------------------------------
Longitude: 123.6405
-------------------------------------------------
Message: success
#################################################
Actual date and time: 2022-11-28-22:34:1
#################################################
Hours: 463805 Minutes: 27828274
-------------------------------------------------
Actual Timestamp: 1669696441 in seconds
-------------------------------------------------
Latitude: 49.9983
-------------------------------------------------
Longitude: -148.0710
-------------------------------------------------
Message: success
#################################################
Actual date and time: 2022-11-28-22:32:58
#################################################
Hours: 463805 Minutes: 27828273
-------------------------------------------------
Actual Timestamp: 1669696378 in seconds
-------------------------------------------------
Latitude: 50.8926
-------------------------------------------------
Longitude: -154.0734
-------------------------------------------------
Message: success
#################################################
Actual date and time: 2022-11-28-22:36:6
#################################################
Hours: 463805 Minutes: 27828276
-------------------------------------------------
Actual Timestamp: 1669696566 in seconds
-------------------------------------------------
Latitude: 47.2920
-------------------------------------------------
Longitude: -137.0046
-------------------------------------------------
Message: success